2019-03-28 00:33:55,441 [main] INFO  org.mule.module.launcher.application.DefaultMuleApplication - 
++++++++++++++++++++++++++++++++++++++++++++++++++++++++++++
+ Initializing app 'integrar-banco-de-dados'               +
++++++++++++++++++++++++++++++++++++++++++++++++++++++++++++
2019-03-28 00:33:55,711 [main] INFO  org.mule.lifecycle.AbstractLifecycleManager - Initialising RegistryBroker
2019-03-28 00:33:55,913 [main] INFO  org.mule.module.extension.internal.manager.DefaultExtensionManager - Starting discovery of extensions
2019-03-28 00:33:56,142 [main] INFO  org.mule.module.extension.internal.manager.DefaultExtensionManager - Discovered 1 extensions
2019-03-28 00:33:56,142 [main] INFO  org.mule.module.extension.internal.manager.DefaultExtensionManager - Registering extension validation (version 3.9)
2019-03-28 00:33:56,518 [main] INFO  org.mule.config.spring.MuleArtifactContext - Refreshing org.mule.config.spring.MuleArtifactContext@67ef029: startup date [Thu Mar 28 00:33:56 BRT 2019]; root of context hierarchy
2019-03-28 00:33:59,377 [main] INFO  org.mule.config.spring.processors.NoDevkitInjectorProcessor - JSR-330 'javax.inject.Inject' annotation found and supported for autowiring
2019-03-28 00:34:00,314 [main] WARN  org.mule.expression.DefaultExpressionManager - Expression string is not an expression.  Use isExpression(String) to validate first
2019-03-28 00:34:00,315 [main] WARN  org.mule.expression.DefaultExpressionManager - Expression string is not an expression.  Use isExpression(String) to validate first
2019-03-28 00:34:00,315 [main] WARN  org.mule.expression.DefaultExpressionManager - Expression string is not an expression.  Use isExpression(String) to validate first
2019-03-28 00:34:00,315 [main] WARN  org.mule.expression.DefaultExpressionManager - Expression string is not an expression.  Use isExpression(String) to validate first
2019-03-28 00:34:01,493 [main] WARN  org.mule.module.ognl.expression.OgnlExpressionEvaluator - OGNL module is deprecated and will be removed in Mule 4.0. Use MEL expressions instead.
2019-03-28 00:34:02,064 [main] INFO  org.mule.util.journal.TransactionJournal - Using files for tx logs /home/rubens/Documents/SalesforceTour2019/Guia-1-API-Terceiros/.mule/./.mule/integrar-banco-de-dados/queue-tx-log/tx1.log and /home/rubens/Documents/SalesforceTour2019/Guia-1-API-Terceiros/.mule/./.mule/integrar-banco-de-dados/queue-tx-log/tx2.log
2019-03-28 00:34:02,085 [main] INFO  org.mule.util.journal.TransactionJournal - Using files for tx logs /home/rubens/Documents/SalesforceTour2019/Guia-1-API-Terceiros/.mule/./.mule/integrar-banco-de-dados/queue-xa-tx-log/tx1.log and /home/rubens/Documents/SalesforceTour2019/Guia-1-API-Terceiros/.mule/./.mule/integrar-banco-de-dados/queue-xa-tx-log/tx2.log
2019-03-28 00:34:02,259 [main] INFO  org.mule.lifecycle.AbstractLifecycleManager - Initialising model: _muleSystemModel
2019-03-28 00:34:02,269 [main] INFO  org.mule.construct.FlowConstructLifecycleManager - Initialising flow: integrar-banco-de-dadosFlow
2019-03-28 00:34:02,269 [main] INFO  org.mule.exception.DefaultMessagingExceptionStrategy - Initialising exception listener: org.mule.exception.DefaultMessagingExceptionStrategy@7ab1127c
2019-03-28 00:34:02,325 [main] INFO  org.mule.processor.SedaStageLifecycleManager - Initialising service: integrar-banco-de-dadosFlow.stage1
2019-03-28 00:34:02,904 [main] INFO  org.mule.config.spring.SpringXmlConfigurationBuilder - Configured Mule using "org.mule.config.spring.SpringXmlConfigurationBuilder" with configuration resource(s): "[ConfigResource{resourceName='/home/rubens/Documents/SalesforceTour2019/Guia-1-API-Terceiros/.mule/apps/integrar-banco-de-dados/integrar-banco-de-dados.xml'}]"
2019-03-28 00:34:02,904 [main] INFO  org.mule.config.builders.AutoConfigurationBuilder - Configured Mule using "org.mule.config.builders.AutoConfigurationBuilder" with configuration resource(s): "[ConfigResource{resourceName='/home/rubens/Documents/SalesforceTour2019/Guia-1-API-Terceiros/.mule/apps/integrar-banco-de-dados/integrar-banco-de-dados.xml'}]"
2019-03-28 00:34:02,913 [main] INFO  com.mulesoft.module.policies.lifecyle.GateKeeper - GateKeeper Mode: DISABLED
2019-03-28 00:34:02,914 [main] INFO  org.mule.module.launcher.application.DefaultMuleApplication - 
++++++++++++++++++++++++++++++++++++++++++++++++++++++++++++
+ Starting app 'integrar-banco-de-dados'                   +
++++++++++++++++++++++++++++++++++++++++++++++++++++++++++++
2019-03-28 00:34:02,917 [main] INFO  org.mule.util.queue.QueueXaResourceManager - Starting ResourceManager
2019-03-28 00:34:02,917 [main] INFO  org.mule.util.queue.QueueXaResourceManager - Started ResourceManager
2019-03-28 00:34:02,998 [main] INFO  org.mule.module.http.internal.listener.DefaultHttpListenerConfig - Listening for requests on http://0.0.0.0:8081
2019-03-28 00:34:03,007 [main] INFO  org.mule.modules.oauth2.provider.agents.DefaultSplashScreenAgent - 
++++++++++++++++++++++++++++++++++++++++++++++++++++++++++++++++++++++++++++++++
+ DevKit Extensions (0) used in this application 
                             +
++++++++++++++++++++++++++++++++++++++++++++++++++++++++++++++++++++++++++++++++
2019-03-28 00:34:03,009 [main] INFO  org.mule.lifecycle.AbstractLifecycleManager - Starting model: _muleSystemModel
2019-03-28 00:34:03,013 [main] INFO  org.mule.construct.FlowConstructLifecycleManager - Starting flow: integrar-banco-de-dadosFlow
2019-03-28 00:34:03,014 [main] INFO  org.mule.processor.SedaStageLifecycleManager - Starting service: integrar-banco-de-dadosFlow.stage1
2019-03-28 00:34:03,094 [main] INFO  org.mule.module.management.agent.WrapperManagerAgent - This JVM hasn't been launched by the wrapper, the agent will not run.
2019-03-28 00:34:03,138 [main] INFO  org.mule.DefaultMuleContext - 
**********************************************************************
* Application: integrar-banco-de-dados                               *
* OS encoding: /, Mule encoding: UTF-8                               *
*                                                                    *
* Agents Running:                                                    *
*   Batch module default engine                                      *
*   JMX Agent                                                        *
*   DevKit Extension Information                                     *
*   Wrapper Manager                                                  *
**********************************************************************
2019-03-28 00:36:24,510 [[integrar-banco-de-dados].HTTP_Listener_Configuration.worker.01] INFO  org.mule.api.processor.LoggerMessageProcessor - inicio do fluxo integrar banco de dados
